Determining if the pthread_create exist failed with the following output:
Change Dir: /home/srikar/Desktop/open/b/CMakeFiles/CMakeTmp

Run Build Command(s):/usr/bin/make cmTC_2afcd/fast 
/usr/bin/make -f CMakeFiles/cmTC_2afcd.dir/build.make CMakeFiles/cmTC_2afcd.dir/build
make[1]: Entering directory '/home/srikar/Desktop/open/b/CMakeFiles/CMakeTmp'
Building C object CMakeFiles/cmTC_2afcd.dir/CheckSymbolExists.c.o
/usr/bin/cc    -o CMakeFiles/cmTC_2afcd.dir/CheckSymbolExists.c.o   -c /home/srikar/Desktop/open/b/CMakeFiles/CMakeTmp/CheckSymbolExists.c
Linking C executable cmTC_2afcd
/home/srikar/anaconda3/bin/cmake -E cmake_link_script CMakeFiles/cmTC_2afcd.dir/link.txt --verbose=1
/usr/bin/cc      -rdynamic CMakeFiles/cmTC_2afcd.dir/CheckSymbolExists.c.o  -o cmTC_2afcd 
CMakeFiles/cmTC_2afcd.dir/CheckSymbolExists.c.o: In function `main':
CheckSymbolExists.c:(.text+0x1b): undefined reference to `pthread_create'
collect2: error: ld returned 1 exit status
CMakeFiles/cmTC_2afcd.dir/build.make:86: recipe for target 'cmTC_2afcd' failed
make[1]: *** [cmTC_2afcd] Error 1
make[1]: Leaving directory '/home/srikar/Desktop/open/b/CMakeFiles/CMakeTmp'
Makefile:121: recipe for target 'cmTC_2afcd/fast' failed
make: *** [cmTC_2afcd/fast] Error 2

File /home/srikar/Desktop/open/b/CMakeFiles/CMakeTmp/CheckSymbolExists.c:
/* */
#include <pthread.h>

int main(int argc, char** argv)
{
  (void)argv;
#ifndef pthread_create
  return ((int*)(&pthread_create))[argc];
#else
  (void)argc;
  return 0;
#endif
}

Determining if the function pthread_create exists in the pthreads failed with the following output:
Change Dir: /home/srikar/Desktop/open/b/CMakeFiles/CMakeTmp

Run Build Command(s):/usr/bin/make cmTC_10d91/fast 
/usr/bin/make -f CMakeFiles/cmTC_10d91.dir/build.make CMakeFiles/cmTC_10d91.dir/build
make[1]: Entering directory '/home/srikar/Desktop/open/b/CMakeFiles/CMakeTmp'
Building C object CMakeFiles/cmTC_10d91.dir/CheckFunctionExists.c.o
/usr/bin/cc   -DCHECK_FUNCTION_EXISTS=pthread_create   -o CMakeFiles/cmTC_10d91.dir/CheckFunctionExists.c.o   -c /home/srikar/anaconda3/share/cmake-3.14/Modules/CheckFunctionExists.c
Linking C executable cmTC_10d91
/home/srikar/anaconda3/bin/cmake -E cmake_link_script CMakeFiles/cmTC_10d91.dir/link.txt --verbose=1
/usr/bin/cc  -DCHECK_FUNCTION_EXISTS=pthread_create    -rdynamic CMakeFiles/cmTC_10d91.dir/CheckFunctionExists.c.o  -o cmTC_10d91 -lpthreads 
/usr/bin/ld: cannot find -lpthreads
collect2: error: ld returned 1 exit status
CMakeFiles/cmTC_10d91.dir/build.make:86: recipe for target 'cmTC_10d91' failed
make[1]: *** [cmTC_10d91] Error 1
make[1]: Leaving directory '/home/srikar/Desktop/open/b/CMakeFiles/CMakeTmp'
Makefile:121: recipe for target 'cmTC_10d91/fast' failed
make: *** [cmTC_10d91/fast] Error 2


Determining if the pthread_create exist failed with the following output:
Change Dir: /home/srikar/Desktop/open/b/CMakeFiles/CMakeTmp

Run Build Command(s):/usr/bin/make cmTC_24c35/fast 
/usr/bin/make -f CMakeFiles/cmTC_24c35.dir/build.make CMakeFiles/cmTC_24c35.dir/build
make[1]: Entering directory '/home/srikar/Desktop/open/b/CMakeFiles/CMakeTmp'
Building C object CMakeFiles/cmTC_24c35.dir/CheckSymbolExists.c.o
/usr/bin/cc    -o CMakeFiles/cmTC_24c35.dir/CheckSymbolExists.c.o   -c /home/srikar/Desktop/open/b/CMakeFiles/CMakeTmp/CheckSymbolExists.c
Linking C executable cmTC_24c35
/home/srikar/anaconda3/bin/cmake -E cmake_link_script CMakeFiles/cmTC_24c35.dir/link.txt --verbose=1
/usr/bin/cc      -rdynamic CMakeFiles/cmTC_24c35.dir/CheckSymbolExists.c.o  -o cmTC_24c35 
CMakeFiles/cmTC_24c35.dir/CheckSymbolExists.c.o: In function `main':
CheckSymbolExists.c:(.text+0x1b): undefined reference to `pthread_create'
collect2: error: ld returned 1 exit status
CMakeFiles/cmTC_24c35.dir/build.make:86: recipe for target 'cmTC_24c35' failed
make[1]: *** [cmTC_24c35] Error 1
make[1]: Leaving directory '/home/srikar/Desktop/open/b/CMakeFiles/CMakeTmp'
Makefile:121: recipe for target 'cmTC_24c35/fast' failed
make: *** [cmTC_24c35/fast] Error 2

File /home/srikar/Desktop/open/b/CMakeFiles/CMakeTmp/CheckSymbolExists.c:
/* */
#include <pthread.h>

int main(int argc, char** argv)
{
  (void)argv;
#ifndef pthread_create
  return ((int*)(&pthread_create))[argc];
#else
  (void)argc;
  return 0;
#endif
}

Determining if the function pthread_create exists in the pthreads failed with the following output:
Change Dir: /home/srikar/Desktop/open/b/CMakeFiles/CMakeTmp

Run Build Command(s):/usr/bin/make cmTC_d97b0/fast 
/usr/bin/make -f CMakeFiles/cmTC_d97b0.dir/build.make CMakeFiles/cmTC_d97b0.dir/build
make[1]: Entering directory '/home/srikar/Desktop/open/b/CMakeFiles/CMakeTmp'
Building C object CMakeFiles/cmTC_d97b0.dir/CheckFunctionExists.c.o
/usr/bin/cc   -DCHECK_FUNCTION_EXISTS=pthread_create   -o CMakeFiles/cmTC_d97b0.dir/CheckFunctionExists.c.o   -c /home/srikar/anaconda3/share/cmake-3.14/Modules/CheckFunctionExists.c
Linking C executable cmTC_d97b0
/home/srikar/anaconda3/bin/cmake -E cmake_link_script CMakeFiles/cmTC_d97b0.dir/link.txt --verbose=1
/usr/bin/cc  -DCHECK_FUNCTION_EXISTS=pthread_create    -rdynamic CMakeFiles/cmTC_d97b0.dir/CheckFunctionExists.c.o  -o cmTC_d97b0 -lpthreads 
/usr/bin/ld: cannot find -lpthreads
collect2: error: ld returned 1 exit status
CMakeFiles/cmTC_d97b0.dir/build.make:86: recipe for target 'cmTC_d97b0' failed
make[1]: *** [cmTC_d97b0] Error 1
make[1]: Leaving directory '/home/srikar/Desktop/open/b/CMakeFiles/CMakeTmp'
Makefile:121: recipe for target 'cmTC_d97b0/fast' failed
make: *** [cmTC_d97b0/fast] Error 2


